This is pdfTeX, Version 3.14159265-2.6-1.40.20 (TeX Live 2019/Debian) (preloaded format=pdflatex 2024.3.15)  29 AUG 2024 13:36
entering extended mode
 restricted \write18 enabled.
 %&-line parsing enabled.
**Intro.tex
(./Intro.tex
LaTeX2e <2020-02-02> patch level 2
L3 programming layer <2020-02-14>
(/usr/share/texlive/texmf-dist/tex/latex/base/article.cls
Document Class: article 2019/12/20 v1.4l Standard LaTeX document class
(/usr/share/texlive/texmf-dist/tex/latex/base/size11.clo
File: size11.clo 2019/12/20 v1.4l Standard LaTeX file (size option)
)
\c@part=\count167
\c@section=\count168
\c@subsection=\count169
\c@subsubsection=\count170
\c@paragraph=\count171
\c@subparagraph=\count172
\c@figure=\count173
\c@table=\count174
\abovecaptionskip=\skip47
\belowcaptionskip=\skip48
\bibindent=\dimen134
)
(/usr/share/texlive/texmf-dist/tex/latex/graphics/graphicx.sty
Package: graphicx 2019/11/30 v1.2a Enhanced LaTeX Graphics (DPC,SPQR)

(/usr/share/texlive/texmf-dist/tex/latex/graphics/keyval.sty
Package: keyval 2014/10/28 v1.15 key=value parser (DPC)
\KV@toks@=\toks14
)
(/usr/share/texlive/texmf-dist/tex/latex/graphics/graphics.sty
Package: graphics 2019/11/30 v1.4a Standard LaTeX Graphics (DPC,SPQR)

(/usr/share/texlive/texmf-dist/tex/latex/graphics/trig.sty
Package: trig 2016/01/03 v1.10 sin cos tan (DPC)
)
(/usr/share/texlive/texmf-dist/tex/latex/graphics-cfg/graphics.cfg
File: graphics.cfg 2016/06/04 v1.11 sample graphics configuration
)
Package graphics Info: Driver file: pdftex.def on input line 105.

(/usr/share/texlive/texmf-dist/tex/latex/graphics-def/pdftex.def
File: pdftex.def 2018/01/08 v1.0l Graphics/color driver for pdftex
))
\Gin@req@height=\dimen135
\Gin@req@width=\dimen136
)
(/usr/share/texlive/texmf-dist/tex/latex/anysize/anysize.sty
Package: anysize 1994/08/13 setting margin sizes

document style option `anysize' loaded
Michael Salzenberg, Thomas Esser, Dirk Hillbrecht
Version 1.0, Aug 13, 1994
\@Leftmargin=\dimen137
\@Rightmargin=\dimen138
\@Topmargin=\dimen139
\@Bottommargin=\dimen140
) (/usr/share/R/share/texmf/tex/latex/Sweave.sty
Package: Sweave 

(/usr/share/texlive/texmf-dist/tex/latex/base/ifthen.sty
Package: ifthen 2014/09/29 v1.1c Standard LaTeX ifthen package (DPC)
)
(/usr/share/texlive/texmf-dist/tex/generic/iftex/iftex.sty
Package: iftex 2019/11/07 v1.0c TeX engine tests
)
(/usr/share/texlive/texmf-dist/tex/latex/fancyvrb/fancyvrb.sty
Package: fancyvrb 2020/01/13 v3.5 verbatim text (tvz,hv)
\FV@CodeLineNo=\count175
\FV@InFile=\read2
\FV@TabBox=\box45
\c@FancyVerbLine=\count176
\FV@StepNumber=\count177
\FV@OutFile=\write3
)
(/usr/share/texlive/texmf-dist/tex/latex/base/textcomp.sty
Package: textcomp 2020/02/02 v2.0n Standard LaTeX package
)
(/usr/share/texlive/texmf-dist/tex/latex/base/fontenc.sty
Package: fontenc 2020/02/11 v2.0o Standard LaTeX package
))
(/usr/share/texlive/texmf-dist/tex/latex/l3backend/l3backend-pdfmode.def
File: l3backend-pdfmode.def 2020-02-03 L3 backend support: PDF mode
\l__kernel_color_stack_int=\count178
\l__pdf_internal_box=\box46
)
(./Intro.aux)
\openout1 = `Intro.aux'.

LaTeX Font Info:    Checking defaults for OML/cmm/m/it on input line 16.
LaTeX Font Info:    ... okay on input line 16.
LaTeX Font Info:    Checking defaults for OMS/cmsy/m/n on input line 16.
LaTeX Font Info:    ... okay on input line 16.
LaTeX Font Info:    Checking defaults for OT1/cmr/m/n on input line 16.
LaTeX Font Info:    ... okay on input line 16.
LaTeX Font Info:    Checking defaults for T1/cmr/m/n on input line 16.
LaTeX Font Info:    ... okay on input line 16.
LaTeX Font Info:    Checking defaults for TS1/cmr/m/n on input line 16.
LaTeX Font Info:    ... okay on input line 16.
LaTeX Font Info:    Checking defaults for OMX/cmex/m/n on input line 16.
LaTeX Font Info:    ... okay on input line 16.
LaTeX Font Info:    Checking defaults for U/cmr/m/n on input line 16.
LaTeX Font Info:    ... okay on input line 16.

(/usr/share/texlive/texmf-dist/tex/context/base/mkii/supp-pdf.mkii
[Loading MPS to PDF converter (version 2006.09.02).]
\scratchcounter=\count179
\scratchdimen=\dimen141
\scratchbox=\box47
\nofMPsegments=\count180
\nofMParguments=\count181
\everyMPshowfont=\toks15
\MPscratchCnt=\count182
\MPscratchDim=\dimen142
\MPnumerator=\count183
\makeMPintoPDFobject=\count184
\everyMPtoPDFconversion=\toks16
) (/usr/share/texlive/texmf-dist/tex/latex/epstopdf-pkg/epstopdf-base.sty
Package: epstopdf-base 2020-01-24 v2.11 Base part for package epstopdf

(/usr/share/texlive/texmf-dist/tex/generic/infwarerr/infwarerr.sty
Package: infwarerr 2019/12/03 v1.5 Providing info/warning/error messages (HO)
)
(/usr/share/texlive/texmf-dist/tex/latex/grfext/grfext.sty
Package: grfext 2019/12/03 v1.3 Manage graphics extensions (HO)

(/usr/share/texlive/texmf-dist/tex/generic/kvdefinekeys/kvdefinekeys.sty
Package: kvdefinekeys 2019-12-19 v1.6 Define keys (HO)
))
(/usr/share/texlive/texmf-dist/tex/latex/kvoptions/kvoptions.sty
Package: kvoptions 2019/11/29 v3.13 Key value format for package options (HO)

(/usr/share/texlive/texmf-dist/tex/generic/ltxcmds/ltxcmds.sty
Package: ltxcmds 2019/12/15 v1.24 LaTeX kernel commands for general use (HO)
)
(/usr/share/texlive/texmf-dist/tex/generic/kvsetkeys/kvsetkeys.sty
Package: kvsetkeys 2019/12/15 v1.18 Key value parser (HO)
))
(/usr/share/texlive/texmf-dist/tex/latex/pdftexcmds/pdftexcmds.sty
Package: pdftexcmds 2019/11/24 v0.31 Utility functions of pdfTeX for LuaTeX (HO
)
Package pdftexcmds Info: \pdf@primitive is available.
Package pdftexcmds Info: \pdf@ifprimitive is available.
Package pdftexcmds Info: \pdfdraftmode found.
)
Package epstopdf-base Info: Redefining graphics rule for `.eps' on input line 4
85.
Package grfext Info: Graphics extension search list:
(grfext)             [.pdf,.png,.jpg,.mps,.jpeg,.jbig2,.jb2,.PDF,.PNG,.JPG,.JPE
G,.JBIG2,.JB2,.eps]
(grfext)             \AppendGraphicsExtensions on input line 504.

(/usr/share/texlive/texmf-dist/tex/latex/latexconfig/epstopdf-sys.cfg
File: epstopdf-sys.cfg 2010/07/13 v1.3 Configuration of (r)epstopdf for TeX Liv
e
))
(./Intro-concordance.tex)
LaTeX Font Info:    External font `cmex10' loaded for size
(Font)              <12> on input line 28.
LaTeX Font Info:    External font `cmex10' loaded for size
(Font)              <8> on input line 28.
LaTeX Font Info:    External font `cmex10' loaded for size
(Font)              <6> on input line 28.
LaTeX Font Info:    Trying to load font information for T1+cmtt on input line 2
8.

(/usr/share/texlive/texmf-dist/tex/latex/base/t1cmtt.fd
File: t1cmtt.fd 2019/12/16 v2.5j Standard LaTeX font definitions
)
LaTeX Font Info:    Font shape `T1/cmtt/bx/n' in size <14.4> not available
(Font)              Font shape `T1/cmtt/m/n' tried instead on input line 31.
<Intro-004.pdf, id=2, 433.62pt x 144.54pt>
File: Intro-004.pdf Graphic file (type pdf)
<use Intro-004.pdf>
Package pdftex.def Info: Intro-004.pdf  used on input line 62.
(pdftex.def)             Requested size: 386.95897pt x 128.99306pt.
 [1

{/var/lib/texmf/fonts/map/pdftex/updmap/pdftex.map} <./Intro-004.pdf>]
LaTeX Font Info:    Trying to load font information for T1+cmss on input line 9
3.

(/usr/share/texlive/texmf-dist/tex/latex/base/t1cmss.fd
File: t1cmss.fd 2019/12/16 v2.5j Standard LaTeX font definitions
)
<Intro-006.pdf, id=23, 433.62pt x 216.81pt>
File: Intro-006.pdf Graphic file (type pdf)
<use Intro-006.pdf>
Package pdftex.def Info: Intro-006.pdf  used on input line 101.
(pdftex.def)             Requested size: 386.95897pt x 193.48961pt.
LaTeX Font Info:    External font `cmex10' loaded for size
(Font)              <10.95> on input line 112.
 [2 <./Intro-006.pdf>]
[3]
<Intro-016.pdf, id=43, 578.16pt x 289.08pt>
File: Intro-016.pdf Graphic file (type pdf)
<use Intro-016.pdf>
Package pdftex.def Info: Intro-016.pdf  used on input line 249.
(pdftex.def)             Requested size: 386.95897pt x 193.47968pt.
<Intro-caching-viptoy.pdf, id=44, 578.16pt x 289.08pt>
File: Intro-caching-viptoy.pdf Graphic file (type pdf)
<use Intro-caching-viptoy.pdf>
Package pdftex.def Info: Intro-caching-viptoy.pdf  used on input line 256.
(pdftex.def)             Requested size: 386.95897pt x 193.47968pt.
 [4 <./Intro-016.pdf>]
<Intro-019.pdf, id=56, 433.62pt x 144.54pt>
File: Intro-019.pdf Graphic file (type pdf)
<use Intro-019.pdf>
Package pdftex.def Info: Intro-019.pdf  used on input line 270.
(pdftex.def)             Requested size: 386.95897pt x 128.99306pt.
 [5 <./Intro-caching-viptoy.pdf> <./Intro-019.pdf>]
<Intro-025.pdf, id=83, 433.62pt x 216.81pt>
File: Intro-025.pdf Graphic file (type pdf)
<use Intro-025.pdf>
Package pdftex.def Info: Intro-025.pdf  used on input line 338.
(pdftex.def)             Requested size: 386.95897pt x 193.48961pt.
<Intro-026.pdf, id=84, 433.62pt x 216.81pt>
File: Intro-026.pdf Graphic file (type pdf)
<use Intro-026.pdf>
Package pdftex.def Info: Intro-026.pdf  used on input line 350.
(pdftex.def)             Requested size: 386.95897pt x 193.48961pt.

[6 <./Intro-025.pdf>]
<Intro-caching-vipbei.pdf, id=96, 650.43pt x 289.08pt>
File: Intro-caching-vipbei.pdf Graphic file (type pdf)
<use Intro-caching-vipbei.pdf>
Package pdftex.def Info: Intro-caching-vipbei.pdf  used on input line 361.
(pdftex.def)             Requested size: 386.95897pt x 171.98488pt.
 [7 <./Intro-026.pdf> <./Intro-caching-vipbei.pdf>]
[8] (./Intro.aux) ) 
Here is how much of TeX's memory you used:
 2449 strings out of 481239
 37072 string characters out of 5920377
 270710 words of memory out of 5000000
 17683 multiletter control sequences out of 15000+600000
 542893 words of font info for 48 fonts, out of 8000000 for 9000
 1141 hyphenation exceptions out of 8191
 34i,6n,29p,202b,358s stack positions out of 5000i,500n,10000p,200000b,80000s
{/usr/share/texmf/fonts/enc/dvips/cm-super/cm-super-t1.enc}{
/usr/share/texmf/fonts/enc/dvips/cm-super/cm-super-ts1.enc}</usr/share/texlive/
texmf-dist/fonts/type1/public/amsfonts/cm/cmmi10.pfb></usr/share/texlive/texmf-
dist/fonts/type1/public/amsfonts/cm/cmr10.pfb></usr/share/texlive/texmf-dist/fo
nts/type1/public/amsfonts/cm/cmsy10.pfb></usr/share/texmf/fonts/type1/public/cm
-super/sfbx1440.pfb></usr/share/texmf/fonts/type1/public/cm-super/sfrm1095.pfb>
</usr/share/texmf/fonts/type1/public/cm-super/sfrm1200.pfb></usr/share/texmf/fo
nts/type1/public/cm-super/sfrm1728.pfb></usr/share/texmf/fonts/type1/public/cm-
super/sfss1095.pfb></usr/share/texmf/fonts/type1/public/cm-super/sfst1095.pfb><
/usr/share/texmf/fonts/type1/public/cm-super/sfti1095.pfb></usr/share/texmf/fon
ts/type1/public/cm-super/sftt1095.pfb></usr/share/texmf/fonts/type1/public/cm-s
uper/sftt1200.pfb></usr/share/texmf/fonts/type1/public/cm-super/sftt1440.pfb>
Output written on Intro.pdf (8 pages, 628201 bytes).
PDF statistics:
 163 PDF objects out of 1000 (max. 8388607)
 97 compressed objects within 1 object stream
 0 named destinations out of 1000 (max. 500000)
 45 words of extra memory for PDF output out of 10000 (max. 10000000)

